# JRE version: OpenJDK Runtime Environment Temurin-21.0.11+10 (21.0.11+10) (build 21.0.11+10-LTS)
# Java VM: OpenJDK 64-Bit Server VM Temurin-21.0.11+10 (21.0.11+10-LTS, mixed mode, sharing, tiered, compressed oops, compressed class ptrs, parallel gc, windows-amd64)
GC Precious Log:
 CardTable entry size: 512
 CPUs: 12 total, 12 available
 Memory: 16085M
 Large Page Support: Disabled
 NUMA Support: Disabled
 Compressed Oops: Enabled (32-bit)
 Alignments: Space 512K, Generation 512K, Heap 2M
 Heap Min Capacity: 100M
 Heap Initial Capacity: 100M
 Heap Max Capacity: 2G
 Pre-touch: Disabled
 Parallel Workers: 10
Heap:
 PSYoungGen      total 3072K, used 326K [0x00000000d5580000, 0x00000000d5b00000, 0x0000000100000000)
  eden space 2560K, 0% used [0x00000000d5580000,0x00000000d5582f10,0x00000000d5800000)
  from space 512K, 61% used [0x00000000d5a00000,0x00000000d5a4ea60,0x00000000d5a80000)
  to   space 512K, 0% used [0x00000000d5a80000,0x00000000d5a80000,0x00000000d5b00000)
 ParOldGen       total 112128K, used 111630K [0x0000000080000000, 0x0000000086d80000, 0x00000000d5580000)
  object space 112128K, 99% used [0x0000000080000000,0x0000000086d03b90,0x0000000086d80000)
 Metaspace       used 70657K, committed 72256K, reserved 1114112K
  class space    used 7249K, committed 8000K, reserved 1048576K
GC Heap History (20 events):
Event: 41.069 GC heap before
{Heap before GC invocations=133 (full 3):
 PSYoungGen      total 3584K, used 3392K [0x00000000d5580000, 0x00000000d5b80000, 0x0000000100000000)
  eden space 2560K, 100% used [0x00000000d5580000,0x00000000d5800000,0x00000000d5800000)
  from space 1024K, 81% used [0x00000000d5980000,0x00000000d5a50000,0x00000000d5a80000)
  to   space 1024K, 0% used [0x00000000d5a80000,0x00000000d5a80000,0x00000000d5b80000)
 ParOldGen       total 110080K, used 109841K [0x0000000080000000, 0x0000000086b80000, 0x00000000d5580000)
  object space 110080K, 99% used [0x0000000080000000,0x0000000086b44428,0x0000000086b80000)
 Metaspace       used 69490K, committed 71104K, reserved 1114112K
  class space    used 7136K, committed 7872K, reserved 1048576K
}
Event: 41.070 GC heap after
{Heap after GC invocations=133 (full 3):
 PSYoungGen      total 3072K, used 352K [0x00000000d5580000, 0x00000000d5b00000, 0x0000000100000000)
  eden space 2560K, 0% used [0x00000000d5580000,0x00000000d5580000,0x00000000d5800000)
  from space 512K, 68% used [0x00000000d5a80000,0x00000000d5ad8000,0x00000000d5b00000)
  to   space 1024K, 0% used [0x00000000d5900000,0x00000000d5900000,0x00000000d5a00000)
 ParOldGen       total 110592K, used 110561K [0x0000000080000000, 0x0000000086c00000, 0x00000000d5580000)
  object space 110592K, 99% used [0x0000000080000000,0x0000000086bf8438,0x0000000086c00000)
 Metaspace       used 69490K, committed 71104K, reserved 1114112K
  class space    used 7136K, committed 7872K, reserved 1048576K
}
Event: 41.183 GC heap before
{Heap before GC invocations=134 (full 3):
 PSYoungGen      total 3072K, used 2895K [0x00000000d5580000, 0x00000000d5b00000, 0x0000000100000000)
  eden space 2560K, 99% used [0x00000000d5580000,0x00000000d57fbfb8,0x00000000d5800000)
  from space 512K, 68% used [0x00000000d5a80000,0x00000000d5ad8000,0x00000000d5b00000)
  to   space 1024K, 0% used [0x00000000d5900000,0x00000000d5900000,0x00000000d5a00000)
 ParOldGen       total 110592K, used 110561K [0x0000000080000000, 0x0000000086c00000, 0x00000000d5580000)
  object space 110592K, 99% used [0x0000000080000000,0x0000000086bf8438,0x0000000086c00000)
 Metaspace       used 69628K, committed 71232K, reserved 1114112K
  class space    used 7154K, committed 7872K, reserved 1048576K
}
Event: 41.184 GC heap after
{Heap after GC invocations=134 (full 3):
 PSYoungGen      total 3584K, used 351K [0x00000000d5580000, 0x00000000d5b00000, 0x0000000100000000)
  eden space 2560K, 0% used [0x00000000d5580000,0x00000000d5580000,0x00000000d5800000)
  from space 1024K, 34% used [0x00000000d5900000,0x00000000d5957fb0,0x00000000d5a00000)
  to   space 512K, 0% used [0x00000000d5a80000,0x00000000d5a80000,0x00000000d5b00000)
 ParOldGen       total 111104K, used 110753K [0x0000000080000000, 0x0000000086c80000, 0x00000000d5580000)
  object space 111104K, 99% used [0x0000000080000000,0x0000000086c28448,0x0000000086c80000)
 Metaspace       used 69628K, committed 71232K, reserved 1114112K
  class space    used 7154K, committed 7872K, reserved 1048576K
}
Event: 41.199 GC heap before
{Heap before GC invocations=135 (full 3):
 PSYoungGen      total 3584K, used 2911K [0x00000000d5580000, 0x00000000d5b00000, 0x0000000100000000)
  eden space 2560K, 100% used [0x00000000d5580000,0x00000000d5800000,0x00000000d5800000)
  from space 1024K, 34% used [0x00000000d5900000,0x00000000d5957fb0,0x00000000d5a00000)
  to   space 512K, 0% used [0x00000000d5a80000,0x00000000d5a80000,0x00000000d5b00000)
 ParOldGen       total 111104K, used 110753K [0x0000000080000000, 0x0000000086c80000, 0x00000000d5580000)
  object space 111104K, 99% used [0x0000000080000000,0x0000000086c28448,0x0000000086c80000)
 Metaspace       used 69705K, committed 71296K, reserved 1114112K
  class space    used 7161K, committed 7872K, reserved 1048576K
}
Event: 41.200 GC heap after
{Heap after GC invocations=135 (full 3):
 PSYoungGen      total 3072K, used 256K [0x00000000d5580000, 0x00000000d5b00000, 0x0000000100000000)
  eden space 2560K, 0% used [0x00000000d5580000,0x00000000d5580000,0x00000000d5800000)
  from space 512K, 50% used [0x00000000d5a80000,0x00000000d5ac0000,0x00000000d5b00000)
  to   space 512K, 0% used [0x00000000d5a00000,0x00000000d5a00000,0x00000000d5a80000)
 ParOldGen       total 111104K, used 110857K [0x0000000080000000, 0x0000000086c80000, 0x00000000d5580000)
  object space 111104K, 99% used [0x0000000080000000,0x0000000086c42448,0x0000000086c80000)
 Metaspace       used 69705K, committed 71296K, reserved 1114112K
  class space    used 7161K, committed 7872K, reserved 1048576K
}
Event: 41.239 GC heap before
{Heap before GC invocations=136 (full 3):
 PSYoungGen      total 3072K, used 2816K [0x00000000d5580000, 0x00000000d5b00000, 0x0000000100000000)
  eden space 2560K, 100% used [0x00000000d5580000,0x00000000d5800000,0x00000000d5800000)
  from space 512K, 50% used [0x00000000d5a80000,0x00000000d5ac0000,0x00000000d5b00000)
  to   space 512K, 0% used [0x00000000d5a00000,0x00000000d5a00000,0x00000000d5a80000)
 ParOldGen       total 111104K, used 110857K [0x0000000080000000, 0x0000000086c80000, 0x00000000d5580000)
  object space 111104K, 99% used [0x0000000080000000,0x0000000086c42448,0x0000000086c80000)
 Metaspace       used 69807K, committed 71360K, reserved 1114112K
  class space    used 7175K, committed 7872K, reserved 1048576K
}
Event: 41.240 GC heap after
{Heap after GC invocations=136 (full 3):
 PSYoungGen      total 3072K, used 352K [0x00000000d5580000, 0x00000000d5b00000, 0x0000000100000000)
  eden space 2560K, 0% used [0x00000000d5580000,0x00000000d5580000,0x00000000d5800000)
  from space 512K, 68% used [0x00000000d5a00000,0x00000000d5a58000,0x00000000d5a80000)
  to   space 512K, 0% used [0x00000000d5a80000,0x00000000d5a80000,0x00000000d5b00000)
 ParOldGen       total 111104K, used 110937K [0x0000000080000000, 0x0000000086c80000, 0x00000000d5580000)
  object space 111104K, 99% used [0x0000000080000000,0x0000000086c56448,0x0000000086c80000)
 Metaspace       used 69807K, committed 71360K, reserved 1114112K
  class space    used 7175K, committed 7872K, reserved 1048576K
}
Event: 41.292 GC heap before
{Heap before GC invocations=137 (full 3):
 PSYoungGen      total 3072K, used 2907K [0x00000000d5580000, 0x00000000d5b00000, 0x0000000100000000)
  eden space 2560K, 99% used [0x00000000d5580000,0x00000000d57fef48,0x00000000d5800000)
  from space 512K, 68% used [0x00000000d5a00000,0x00000000d5a58000,0x00000000d5a80000)
  to   space 512K, 0% used [0x00000000d5a80000,0x00000000d5a80000,0x00000000d5b00000)
 ParOldGen       total 111104K, used 110937K [0x0000000080000000, 0x0000000086c80000, 0x00000000d5580000)
  object space 111104K, 99% used [0x0000000080000000,0x0000000086c56448,0x0000000086c80000)
 Metaspace       used 70083K, committed 71680K, reserved 1114112K
  class space    used 7201K, committed 7936K, reserved 1048576K
}
Event: 41.293 GC heap after
{Heap after GC invocations=137 (full 3):
 PSYoungGen      total 3072K, used 421K [0x00000000d5580000, 0x00000000d5b00000, 0x0000000100000000)
  eden space 2560K, 0% used [0x00000000d5580000,0x00000000d5580000,0x00000000d5800000)
  from space 512K, 82% used [0x00000000d5a80000,0x00000000d5ae9420,0x00000000d5b00000)
  to   space 512K, 0% used [0x00000000d5a00000,0x00000000d5a00000,0x00000000d5a80000)
 ParOldGen       total 111104K, used 111070K [0x0000000080000000, 0x0000000086c80000, 0x00000000d5580000)
  object space 111104K, 99% used [0x0000000080000000,0x0000000086c77b70,0x0000000086c80000)
 Metaspace       used 70083K, committed 71680K, reserved 1114112K
  class space    used 7201K, committed 7936K, reserved 1048576K
}
Event: 41.356 GC heap before
{Heap before GC invocations=138 (full 3):
 PSYoungGen      total 3072K, used 2981K [0x00000000d5580000, 0x00000000d5b00000, 0x0000000100000000)
  eden space 2560K, 100% used [0x00000000d5580000,0x00000000d5800000,0x00000000d5800000)
  from space 512K, 82% used [0x00000000d5a80000,0x00000000d5ae9420,0x00000000d5b00000)
  to   space 512K, 0% used [0x00000000d5a00000,0x00000000d5a00000,0x00000000d5a80000)
 ParOldGen       total 111104K, used 111070K [0x0000000080000000, 0x0000000086c80000, 0x00000000d5580000)
  object space 111104K, 99% used [0x0000000080000000,0x0000000086c77b70,0x0000000086c80000)
 Metaspace       used 70380K, committed 71936K, reserved 1114112K
  class space    used 7230K, committed 7936K, reserved 1048576K
}
Event: 41.357 GC heap after
{Heap after GC invocations=138 (full 3):
 PSYoungGen      total 3072K, used 288K [0x00000000d5580000, 0x00000000d5b00000, 0x0000000100000000)
  eden space 2560K, 0% used [0x00000000d5580000,0x00000000d5580000,0x00000000d5800000)
  from space 512K, 56% used [0x00000000d5a00000,0x00000000d5a48000,0x00000000d5a80000)
  to   space 512K, 0% used [0x00000000d5a80000,0x00000000d5a80000,0x00000000d5b00000)
 ParOldGen       total 111616K, used 111321K [0x0000000080000000, 0x0000000086d00000, 0x00000000d5580000)
  object space 111616K, 99% used [0x0000000080000000,0x0000000086cb6438,0x0000000086d00000)
 Metaspace       used 70380K, committed 71936K, reserved 1114112K
  class space    used 7230K, committed 7936K, reserved 1048576K
}
Event: 41.450 GC heap before
{Heap before GC invocations=139 (full 3):
 PSYoungGen      total 3072K, used 2848K [0x00000000d5580000, 0x00000000d5b00000, 0x0000000100000000)
  eden space 2560K, 100% used [0x00000000d5580000,0x00000000d5800000,0x00000000d5800000)
  from space 512K, 56% used [0x00000000d5a00000,0x00000000d5a48000,0x00000000d5a80000)
  to   space 512K, 0% used [0x00000000d5a80000,0x00000000d5a80000,0x00000000d5b00000)
 ParOldGen       total 111616K, used 111321K [0x0000000080000000, 0x0000000086d00000, 0x00000000d5580000)
  object space 111616K, 99% used [0x0000000080000000,0x0000000086cb6438,0x0000000086d00000)
 Metaspace       used 70493K, committed 72000K, reserved 1114112K
  class space    used 7236K, committed 7936K, reserved 1048576K
}
Event: 41.451 GC heap after
{Heap after GC invocations=139 (full 3):
 PSYoungGen      total 3072K, used 320K [0x00000000d5580000, 0x00000000d5b00000, 0x0000000100000000)
  eden space 2560K, 0% used [0x00000000d5580000,0x00000000d5580000,0x00000000d5800000)
  from space 512K, 62% used [0x00000000d5a80000,0x00000000d5ad0000,0x00000000d5b00000)
  to   space 512K, 0% used [0x00000000d5a00000,0x00000000d5a00000,0x00000000d5a80000)
 ParOldGen       total 111616K, used 111417K [0x0000000080000000, 0x0000000086d00000, 0x00000000d5580000)
  object space 111616K, 99% used [0x0000000080000000,0x0000000086cce448,0x0000000086d00000)
 Metaspace       used 70493K, committed 72000K, reserved 1114112K
  class space    used 7236K, committed 7936K, reserved 1048576K
}
Event: 41.588 GC heap before
{Heap before GC invocations=140 (full 3):
 PSYoungGen      total 3072K, used 2880K [0x00000000d5580000, 0x00000000d5b00000, 0x0000000100000000)
  eden space 2560K, 100% used [0x00000000d5580000,0x00000000d5800000,0x00000000d5800000)
  from space 512K, 62% used [0x00000000d5a80000,0x00000000d5ad0000,0x00000000d5b00000)
  to   space 512K, 0% used [0x00000000d5a00000,0x00000000d5a00000,0x00000000d5a80000)
 ParOldGen       total 111616K, used 111417K [0x0000000080000000, 0x0000000086d00000, 0x00000000d5580000)
  object space 111616K, 99% used [0x0000000080000000,0x0000000086cce448,0x0000000086d00000)
 Metaspace       used 70529K, committed 72064K, reserved 1114112K
  class space    used 7236K, committed 7936K, reserved 1048576K
}
Event: 41.589 GC heap after
{Heap after GC invocations=140 (full 3):
 PSYoungGen      total 3072K, used 256K [0x00000000d5580000, 0x00000000d5b00000, 0x0000000100000000)
  eden space 2560K, 0% used [0x00000000d5580000,0x00000000d5580000,0x00000000d5800000)
  from space 512K, 50% used [0x00000000d5a00000,0x00000000d5a40000,0x00000000d5a80000)
  to   space 512K, 0% used [0x00000000d5a80000,0x00000000d5a80000,0x00000000d5b00000)
 ParOldGen       total 111616K, used 111505K [0x0000000080000000, 0x0000000086d00000, 0x00000000d5580000)
  object space 111616K, 99% used [0x0000000080000000,0x0000000086ce4448,0x0000000086d00000)
 Metaspace       used 70529K, committed 72064K, reserved 1114112K
  class space    used 7236K, committed 7936K, reserved 1048576K
}
Event: 41.691 GC heap before
{Heap before GC invocations=141 (full 3):
 PSYoungGen      total 3072K, used 2815K [0x00000000d5580000, 0x00000000d5b00000, 0x0000000100000000)
  eden space 2560K, 99% used [0x00000000d5580000,0x00000000d57fff98,0x00000000d5800000)
  from space 512K, 50% used [0x00000000d5a00000,0x00000000d5a40000,0x00000000d5a80000)
  to   space 512K, 0% used [0x00000000d5a80000,0x00000000d5a80000,0x00000000d5b00000)
 ParOldGen       total 111616K, used 111505K [0x0000000080000000, 0x0000000086d00000, 0x00000000d5580000)
  object space 111616K, 99% used [0x0000000080000000,0x0000000086ce4448,0x0000000086d00000)
 Metaspace       used 70620K, committed 72192K, reserved 1114112K
  class space    used 7245K, committed 8000K, reserved 1048576K
}
Event: 41.692 GC heap after
{Heap after GC invocations=141 (full 3):
 PSYoungGen      total 3072K, used 256K [0x00000000d5580000, 0x00000000d5b00000, 0x0000000100000000)
  eden space 2560K, 0% used [0x00000000d5580000,0x00000000d5580000,0x00000000d5800000)
  from space 512K, 50% used [0x00000000d5a80000,0x00000000d5ac0000,0x00000000d5b00000)
  to   space 512K, 0% used [0x00000000d5a00000,0x00000000d5a00000,0x00000000d5a80000)
 ParOldGen       total 111616K, used 111521K [0x0000000080000000, 0x0000000086d00000, 0x00000000d5580000)
  object space 111616K, 99% used [0x0000000080000000,0x0000000086ce8448,0x0000000086d00000)
 Metaspace       used 70620K, committed 72192K, reserved 1114112K
  class space    used 7245K, committed 8000K, reserved 1048576K
}
Event: 66.733 GC heap before
{Heap before GC invocations=142 (full 3):
 PSYoungGen      total 3072K, used 2816K [0x00000000d5580000, 0x00000000d5b00000, 0x0000000100000000)
  eden space 2560K, 100% used [0x00000000d5580000,0x00000000d5800000,0x00000000d5800000)
  from space 512K, 50% used [0x00000000d5a80000,0x00000000d5ac0000,0x00000000d5b00000)
  to   space 512K, 0% used [0x00000000d5a00000,0x00000000d5a00000,0x00000000d5a80000)
 ParOldGen       total 111616K, used 111521K [0x0000000080000000, 0x0000000086d00000, 0x00000000d5580000)
  object space 111616K, 99% used [0x0000000080000000,0x0000000086ce8448,0x0000000086d00000)
 Metaspace       used 70656K, committed 72256K, reserved 1114112K
  class space    used 7249K, committed 8000K, reserved 1048576K
}
Event: 66.735 GC heap after
{Heap after GC invocations=142 (full 3):
 PSYoungGen      total 3072K, used 314K [0x00000000d5580000, 0x00000000d5b00000, 0x0000000100000000)
  eden space 2560K, 0% used [0x00000000d5580000,0x00000000d5580000,0x00000000d5800000)
  from space 512K, 61% used [0x00000000d5a00000,0x00000000d5a4ea60,0x00000000d5a80000)
  to   space 512K, 0% used [0x00000000d5a80000,0x00000000d5a80000,0x00000000d5b00000)
 ParOldGen       total 112128K, used 111630K [0x0000000080000000, 0x0000000086d80000, 0x00000000d5580000)
  object space 112128K, 99% used [0x0000000080000000,0x0000000086d03b90,0x0000000086d80000)
 Metaspace       used 70656K, committed 72256K, reserved 1114112K
  class space    used 7249K, committed 8000K, reserved 1048576K
}

