# JRE version: OpenJDK Runtime Environment Temurin-21.0.11+10 (21.0.11+10) (build 21.0.11+10-LTS)
# Java VM: OpenJDK 64-Bit Server VM Temurin-21.0.11+10 (21.0.11+10-LTS, mixed mode, sharing, tiered, compressed oops, compressed class ptrs, parallel gc, windows-amd64)
GC Precious Log:
 CardTable entry size: 512
 CPUs: 12 total, 12 available
 Memory: 16085M
 Large Page Support: Disabled
 NUMA Support: Disabled
 Compressed Oops: Enabled (32-bit)
 Alignments: Space 512K, Generation 512K, Heap 2M
 Heap Min Capacity: 100M
 Heap Initial Capacity: 100M
 Heap Max Capacity: 2G
 Pre-touch: Disabled
 Parallel Workers: 10
Heap:
 PSYoungGen      total 26624K, used 15333K [0x00000000d5580000, 0x00000000d7200000, 0x0000000100000000)
  eden space 22016K, 69% used [0x00000000d5580000,0x00000000d6479410,0x00000000d6b00000)
  from space 4608K, 0% used [0x00000000d6b00000,0x00000000d6b00000,0x00000000d6f80000)
  to   space 2048K, 0% used [0x00000000d7000000,0x00000000d7000000,0x00000000d7200000)
 ParOldGen       total 68608K, used 20475K [0x0000000080000000, 0x0000000084300000, 0x00000000d5580000)
  object space 68608K, 29% used [0x0000000080000000,0x00000000813fec40,0x0000000084300000)
 Metaspace       used 36292K, committed 37504K, reserved 1114112K
  class space    used 3772K, committed 4288K, reserved 1048576K
GC Heap History (20 events):
Event: 5.319 GC heap before
{Heap before GC invocations=6 (full 0):
 PSYoungGen      total 29184K, used 29181K [0x00000000d5580000, 0x00000000d7a00000, 0x0000000100000000)
  eden space 25088K, 100% used [0x00000000d5580000,0x00000000d6e00000,0x00000000d6e00000)
  from space 4096K, 99% used [0x00000000d6e80000,0x00000000d727f608,0x00000000d7280000)
  to   space 6144K, 0% used [0x00000000d7400000,0x00000000d7400000,0x00000000d7a00000)
 ParOldGen       total 68608K, used 8035K [0x0000000080000000, 0x0000000084300000, 0x00000000d5580000)
  object space 68608K, 11% used [0x0000000080000000,0x00000000807d8d58,0x0000000084300000)
 Metaspace       used 18694K, committed 19520K, reserved 1114112K
  class space    used 1973K, committed 2304K, reserved 1048576K
}
Event: 5.322 GC heap after
{Heap after GC invocations=6 (full 0):
 PSYoungGen      total 29696K, used 4912K [0x00000000d5580000, 0x00000000d7900000, 0x0000000100000000)
  eden space 24576K, 0% used [0x00000000d5580000,0x00000000d5580000,0x00000000d6d80000)
  from space 5120K, 95% used [0x00000000d7400000,0x00000000d78cc1c0,0x00000000d7900000)
  to   space 5632K, 0% used [0x00000000d6e00000,0x00000000d6e00000,0x00000000d7380000)
 ParOldGen       total 68608K, used 8043K [0x0000000080000000, 0x0000000084300000, 0x00000000d5580000)
  object space 68608K, 11% used [0x0000000080000000,0x00000000807dad58,0x0000000084300000)
 Metaspace       used 18694K, committed 19520K, reserved 1114112K
  class space    used 1973K, committed 2304K, reserved 1048576K
}
Event: 5.518 GC heap before
{Heap before GC invocations=7 (full 0):
 PSYoungGen      total 29696K, used 24700K [0x00000000d5580000, 0x00000000d7900000, 0x0000000100000000)
  eden space 24576K, 80% used [0x00000000d5580000,0x00000000d68d2f10,0x00000000d6d80000)
  from space 5120K, 95% used [0x00000000d7400000,0x00000000d78cc1c0,0x00000000d7900000)
  to   space 5632K, 0% used [0x00000000d6e00000,0x00000000d6e00000,0x00000000d7380000)
 ParOldGen       total 68608K, used 8043K [0x0000000080000000, 0x0000000084300000, 0x00000000d5580000)
  object space 68608K, 11% used [0x0000000080000000,0x00000000807dad58,0x0000000084300000)
 Metaspace       used 20638K, committed 21504K, reserved 1114112K
  class space    used 2216K, committed 2624K, reserved 1048576K
}
Event: 5.522 GC heap after
{Heap after GC invocations=7 (full 0):
 PSYoungGen      total 29184K, used 4261K [0x00000000d5580000, 0x00000000d7680000, 0x0000000100000000)
  eden space 24576K, 0% used [0x00000000d5580000,0x00000000d5580000,0x00000000d6d80000)
  from space 4608K, 92% used [0x00000000d6e00000,0x00000000d7229780,0x00000000d7280000)
  to   space 4096K, 0% used [0x00000000d7280000,0x00000000d7280000,0x00000000d7680000)
 ParOldGen       total 68608K, used 9374K [0x0000000080000000, 0x0000000084300000, 0x00000000d5580000)
  object space 68608K, 13% used [0x0000000080000000,0x0000000080927a08,0x0000000084300000)
 Metaspace       used 20638K, committed 21504K, reserved 1114112K
  class space    used 2216K, committed 2624K, reserved 1048576K
}
Event: 5.522 GC heap before
{Heap before GC invocations=8 (full 1):
 PSYoungGen      total 29184K, used 4261K [0x00000000d5580000, 0x00000000d7680000, 0x0000000100000000)
  eden space 24576K, 0% used [0x00000000d5580000,0x00000000d5580000,0x00000000d6d80000)
  from space 4608K, 92% used [0x00000000d6e00000,0x00000000d7229780,0x00000000d7280000)
  to   space 4096K, 0% used [0x00000000d7280000,0x00000000d7280000,0x00000000d7680000)
 ParOldGen       total 68608K, used 9374K [0x0000000080000000, 0x0000000084300000, 0x00000000d5580000)
  object space 68608K, 13% used [0x0000000080000000,0x0000000080927a08,0x0000000084300000)
 Metaspace       used 20638K, committed 21504K, reserved 1114112K
  class space    used 2216K, committed 2624K, reserved 1048576K
}
Event: 5.552 GC heap after
{Heap after GC invocations=8 (full 1):
 PSYoungGen      total 29184K, used 0K [0x00000000d5580000, 0x00000000d7680000, 0x0000000100000000)
  eden space 24576K, 0% used [0x00000000d5580000,0x00000000d5580000,0x00000000d6d80000)
  from space 4608K, 0% used [0x00000000d6e00000,0x00000000d6e00000,0x00000000d7280000)
  to   space 4096K, 0% used [0x00000000d7280000,0x00000000d7280000,0x00000000d7680000)
 ParOldGen       total 68608K, used 13059K [0x0000000080000000, 0x0000000084300000, 0x00000000d5580000)
  object space 68608K, 19% used [0x0000000080000000,0x0000000080cc0fd0,0x0000000084300000)
 Metaspace       used 20625K, committed 21504K, reserved 1114112K
  class space    used 2212K, committed 2624K, reserved 1048576K
}
Event: 5.737 GC heap before
{Heap before GC invocations=9 (full 1):
 PSYoungGen      total 29184K, used 24576K [0x00000000d5580000, 0x00000000d7680000, 0x0000000100000000)
  eden space 24576K, 100% used [0x00000000d5580000,0x00000000d6d80000,0x00000000d6d80000)
  from space 4608K, 0% used [0x00000000d6e00000,0x00000000d6e00000,0x00000000d7280000)
  to   space 4096K, 0% used [0x00000000d7280000,0x00000000d7280000,0x00000000d7680000)
 ParOldGen       total 68608K, used 13059K [0x0000000080000000, 0x0000000084300000, 0x00000000d5580000)
  object space 68608K, 19% used [0x0000000080000000,0x0000000080cc0fd0,0x0000000084300000)
 Metaspace       used 22782K, committed 23744K, reserved 1114112K
  class space    used 2397K, committed 2816K, reserved 1048576K
}
Event: 5.738 GC heap after
{Heap after GC invocations=9 (full 1):
 PSYoungGen      total 25600K, used 1030K [0x00000000d5580000, 0x00000000d7400000, 0x0000000100000000)
  eden space 24064K, 0% used [0x00000000d5580000,0x00000000d5580000,0x00000000d6d00000)
  from space 1536K, 67% used [0x00000000d7280000,0x00000000d7381890,0x00000000d7400000)
  to   space 2560K, 0% used [0x00000000d6f00000,0x00000000d6f00000,0x00000000d7180000)
 ParOldGen       total 68608K, used 13067K [0x0000000080000000, 0x0000000084300000, 0x00000000d5580000)
  object space 68608K, 19% used [0x0000000080000000,0x0000000080cc2fd0,0x0000000084300000)
 Metaspace       used 22782K, committed 23744K, reserved 1114112K
  class space    used 2397K, committed 2816K, reserved 1048576K
}
Event: 5.910 GC heap before
{Heap before GC invocations=10 (full 1):
 PSYoungGen      total 25600K, used 25094K [0x00000000d5580000, 0x00000000d7400000, 0x0000000100000000)
  eden space 24064K, 100% used [0x00000000d5580000,0x00000000d6d00000,0x00000000d6d00000)
  from space 1536K, 67% used [0x00000000d7280000,0x00000000d7381890,0x00000000d7400000)
  to   space 2560K, 0% used [0x00000000d6f00000,0x00000000d6f00000,0x00000000d7180000)
 ParOldGen       total 68608K, used 13067K [0x0000000080000000, 0x0000000084300000, 0x00000000d5580000)
  object space 68608K, 19% used [0x0000000080000000,0x0000000080cc2fd0,0x0000000084300000)
 Metaspace       used 26393K, committed 27328K, reserved 1114112K
  class space    used 2662K, committed 3072K, reserved 1048576K
}
Event: 5.911 GC heap after
{Heap after GC invocations=10 (full 1):
 PSYoungGen      total 26112K, used 1382K [0x00000000d5580000, 0x00000000d7300000, 0x0000000100000000)
  eden space 23552K, 0% used [0x00000000d5580000,0x00000000d5580000,0x00000000d6c80000)
  from space 2560K, 53% used [0x00000000d6f00000,0x00000000d7059890,0x00000000d7180000)
  to   space 1536K, 0% used [0x00000000d7180000,0x00000000d7180000,0x00000000d7300000)
 ParOldGen       total 68608K, used 13067K [0x0000000080000000, 0x0000000084300000, 0x00000000d5580000)
  object space 68608K, 19% used [0x0000000080000000,0x0000000080cc2fd0,0x0000000084300000)
 Metaspace       used 26393K, committed 27328K, reserved 1114112K
  class space    used 2662K, committed 3072K, reserved 1048576K
}
Event: 6.086 GC heap before
{Heap before GC invocations=11 (full 1):
 PSYoungGen      total 26112K, used 24934K [0x00000000d5580000, 0x00000000d7300000, 0x0000000100000000)
  eden space 23552K, 100% used [0x00000000d5580000,0x00000000d6c80000,0x00000000d6c80000)
  from space 2560K, 53% used [0x00000000d6f00000,0x00000000d7059890,0x00000000d7180000)
  to   space 1536K, 0% used [0x00000000d7180000,0x00000000d7180000,0x00000000d7300000)
 ParOldGen       total 68608K, used 13067K [0x0000000080000000, 0x0000000084300000, 0x00000000d5580000)
  object space 68608K, 19% used [0x0000000080000000,0x0000000080cc2fd0,0x0000000084300000)
 Metaspace       used 28109K, committed 29056K, reserved 1114112K
  class space    used 2790K, committed 3200K, reserved 1048576K
}
Event: 6.088 GC heap after
{Heap after GC invocations=11 (full 1):
 PSYoungGen      total 24576K, used 1230K [0x00000000d5580000, 0x00000000d7300000, 0x0000000100000000)
  eden space 23040K, 0% used [0x00000000d5580000,0x00000000d5580000,0x00000000d6c00000)
  from space 1536K, 80% used [0x00000000d7180000,0x00000000d72b3890,0x00000000d7300000)
  to   space 1536K, 0% used [0x00000000d7000000,0x00000000d7000000,0x00000000d7180000)
 ParOldGen       total 68608K, used 15480K [0x0000000080000000, 0x0000000084300000, 0x00000000d5580000)
  object space 68608K, 22% used [0x0000000080000000,0x0000000080f1e168,0x0000000084300000)
 Metaspace       used 28109K, committed 29056K, reserved 1114112K
  class space    used 2790K, committed 3200K, reserved 1048576K
}
Event: 6.356 GC heap before
{Heap before GC invocations=12 (full 1):
 PSYoungGen      total 24576K, used 24270K [0x00000000d5580000, 0x00000000d7300000, 0x0000000100000000)
  eden space 23040K, 100% used [0x00000000d5580000,0x00000000d6c00000,0x00000000d6c00000)
  from space 1536K, 80% used [0x00000000d7180000,0x00000000d72b3890,0x00000000d7300000)
  to   space 1536K, 0% used [0x00000000d7000000,0x00000000d7000000,0x00000000d7180000)
 ParOldGen       total 68608K, used 15480K [0x0000000080000000, 0x0000000084300000, 0x00000000d5580000)
  object space 68608K, 22% used [0x0000000080000000,0x0000000080f1e168,0x0000000084300000)
 Metaspace       used 31212K, committed 32320K, reserved 1114112K
  class space    used 3135K, committed 3584K, reserved 1048576K
}
Event: 6.359 GC heap after
{Heap after GC invocations=12 (full 1):
 PSYoungGen      total 24064K, used 1519K [0x00000000d5580000, 0x00000000d7380000, 0x0000000100000000)
  eden space 22528K, 0% used [0x00000000d5580000,0x00000000d5580000,0x00000000d6b80000)
  from space 1536K, 98% used [0x00000000d7000000,0x00000000d717bd78,0x00000000d7180000)
  to   space 2048K, 0% used [0x00000000d7180000,0x00000000d7180000,0x00000000d7380000)
 ParOldGen       total 68608K, used 17269K [0x0000000080000000, 0x0000000084300000, 0x00000000d5580000)
  object space 68608K, 25% used [0x0000000080000000,0x00000000810dd7a0,0x0000000084300000)
 Metaspace       used 31212K, committed 32320K, reserved 1114112K
  class space    used 3135K, committed 3584K, reserved 1048576K
}
Event: 6.604 GC heap before
{Heap before GC invocations=13 (full 1):
 PSYoungGen      total 24064K, used 24047K [0x00000000d5580000, 0x00000000d7380000, 0x0000000100000000)
  eden space 22528K, 100% used [0x00000000d5580000,0x00000000d6b80000,0x00000000d6b80000)
  from space 1536K, 98% used [0x00000000d7000000,0x00000000d717bd78,0x00000000d7180000)
  to   space 2048K, 0% used [0x00000000d7180000,0x00000000d7180000,0x00000000d7380000)
 ParOldGen       total 68608K, used 17269K [0x0000000080000000, 0x0000000084300000, 0x00000000d5580000)
  object space 68608K, 25% used [0x0000000080000000,0x00000000810dd7a0,0x0000000084300000)
 Metaspace       used 33825K, committed 35072K, reserved 1114112K
  class space    used 3470K, committed 3968K, reserved 1048576K
}
Event: 6.606 GC heap after
{Heap after GC invocations=13 (full 1):
 PSYoungGen      total 24064K, used 2032K [0x00000000d5580000, 0x00000000d7400000, 0x0000000100000000)
  eden space 22016K, 0% used [0x00000000d5580000,0x00000000d5580000,0x00000000d6b00000)
  from space 2048K, 99% used [0x00000000d7180000,0x00000000d737c010,0x00000000d7380000)
  to   space 4608K, 0% used [0x00000000d6b00000,0x00000000d6b00000,0x00000000d6f80000)
 ParOldGen       total 68608K, used 19156K [0x0000000080000000, 0x0000000084300000, 0x00000000d5580000)
  object space 68608K, 27% used [0x0000000080000000,0x00000000812b50f0,0x0000000084300000)
 Metaspace       used 33825K, committed 35072K, reserved 1114112K
  class space    used 3470K, committed 3968K, reserved 1048576K
}
Event: 6.697 GC heap before
{Heap before GC invocations=14 (full 1):
 PSYoungGen      total 24064K, used 9394K [0x00000000d5580000, 0x00000000d7400000, 0x0000000100000000)
  eden space 22016K, 33% used [0x00000000d5580000,0x00000000d5cb0bc8,0x00000000d6b00000)
  from space 2048K, 99% used [0x00000000d7180000,0x00000000d737c010,0x00000000d7380000)
  to   space 4608K, 0% used [0x00000000d6b00000,0x00000000d6b00000,0x00000000d6f80000)
 ParOldGen       total 68608K, used 19156K [0x0000000080000000, 0x0000000084300000, 0x00000000d5580000)
  object space 68608K, 27% used [0x0000000080000000,0x00000000812b50f0,0x0000000084300000)
 Metaspace       used 34635K, committed 35840K, reserved 1114112K
  class space    used 3567K, committed 4096K, reserved 1048576K
}
Event: 6.699 GC heap after
{Heap after GC invocations=14 (full 1):
 PSYoungGen      total 26624K, used 736K [0x00000000d5580000, 0x00000000d7200000, 0x0000000100000000)
  eden space 22016K, 0% used [0x00000000d5580000,0x00000000d5580000,0x00000000d6b00000)
  from space 4608K, 15% used [0x00000000d6b00000,0x00000000d6bb8000,0x00000000d6f80000)
  to   space 2048K, 0% used [0x00000000d7000000,0x00000000d7000000,0x00000000d7200000)
 ParOldGen       total 68608K, used 21158K [0x0000000080000000, 0x0000000084300000, 0x00000000d5580000)
  object space 68608K, 30% used [0x0000000080000000,0x00000000814a9bc8,0x0000000084300000)
 Metaspace       used 34635K, committed 35840K, reserved 1114112K
  class space    used 3567K, committed 4096K, reserved 1048576K
}
Event: 6.699 GC heap before
{Heap before GC invocations=15 (full 2):
 PSYoungGen      total 26624K, used 736K [0x00000000d5580000, 0x00000000d7200000, 0x0000000100000000)
  eden space 22016K, 0% used [0x00000000d5580000,0x00000000d5580000,0x00000000d6b00000)
  from space 4608K, 15% used [0x00000000d6b00000,0x00000000d6bb8000,0x00000000d6f80000)
  to   space 2048K, 0% used [0x00000000d7000000,0x00000000d7000000,0x00000000d7200000)
 ParOldGen       total 68608K, used 21158K [0x0000000080000000, 0x0000000084300000, 0x00000000d5580000)
  object space 68608K, 30% used [0x0000000080000000,0x00000000814a9bc8,0x0000000084300000)
 Metaspace       used 34635K, committed 35840K, reserved 1114112K
  class space    used 3567K, committed 4096K, reserved 1048576K
}
Event: 6.729 GC heap after
{Heap after GC invocations=15 (full 2):
 PSYoungGen      total 26624K, used 0K [0x00000000d5580000, 0x00000000d7200000, 0x0000000100000000)
  eden space 22016K, 0% used [0x00000000d5580000,0x00000000d5580000,0x00000000d6b00000)
  from space 4608K, 0% used [0x00000000d6b00000,0x00000000d6b00000,0x00000000d6f80000)
  to   space 2048K, 0% used [0x00000000d7000000,0x00000000d7000000,0x00000000d7200000)
 ParOldGen       total 68608K, used 20475K [0x0000000080000000, 0x0000000084300000, 0x00000000d5580000)
  object space 68608K, 29% used [0x0000000080000000,0x00000000813fec40,0x0000000084300000)
 Metaspace       used 34635K, committed 35840K, reserved 1114112K
  class space    used 3567K, committed 4096K, reserved 1048576K
}

